<?xml version="1.0" encoding="UTF-8"?>
<!-- Generated by org.testng.reporters.JUnitReportReporter -->
<testsuite skipped="0" hostname="DESKTOP-SE9H46H" name="qaclickacademy.AppiumTest" tests="2" failures="0" timestamp="29 Jul 2019 19:11:28 GMT" time="0.017" errors="0">
  <testcase name="IOSApp" time="0.014" classname="qaclickacademy.AppiumTest"/>
  <testcase name="NativeappAndroid" time="0.003" classname="qaclickacademy.AppiumTest"/>
</testsuite> <!-- qaclickacademy.AppiumTest -->
