<?xml version="1.0" encoding="UTF-8"?>
<!-- Generated by org.testng.reporters.JUnitReportReporter -->
<testsuite hostname="DESKTOP-SE9H46H" failures="0" tests="2" name="qaclickacademy.SeleniumTest" time="0.012" errors="0" timestamp="26 Jul 2019 20:56:05 GMT" skipped="0">
  <testcase classname="qaclickacademy.SeleniumTest" name="BrowserAutomation" time="0.012"/>
  <testcase classname="qaclickacademy.SeleniumTest" name="ElementsUI" time="0.000"/>
</testsuite> <!-- qaclickacademy.SeleniumTest -->
