<?xml version="1.0" encoding="UTF-8"?>
<!-- Generated by org.testng.reporters.JUnitReportReporter -->
<testsuite hostname="DESKTOP-SE9H46H" failures="0" tests="2" name="qaclickacademy.AppiumTest" time="0.000" errors="0" timestamp="26 Jul 2019 20:56:05 GMT" skipped="0">
  <testcase classname="qaclickacademy.AppiumTest" name="NativeappAndroid" time="0.000"/>
  <testcase classname="qaclickacademy.AppiumTest" name="IOSApp" time="0.000"/>
</testsuite> <!-- qaclickacademy.AppiumTest -->
